2016-03-03 16:23:25	<?xml version="1.0" encoding="utf-8" ?><error_response><code>15</code><msg>Remote service error</msg><sub_code>isv.SMS_SIGNATURE_ILLEGAL</sub_code><sub_msg>短信签名不合法</sub_msg><request_id>10wjknw8mqn35</request_id></error_response><!--top010178109026.n.et2-->
2016-03-03 16:34:38	<?xml version="1.0" encoding="utf-8" ?><error_response><code>15</code><msg>Remote service error</msg><sub_code>isv.BUSINESS_LIMIT_CONTROL</sub_code><sub_msg>触发业务流控</sub_msg><request_id>isgxbsx4puyk</request_id></error_response><!--top010184074091.et2-->
2016-03-03 17:00:34	<?xml version="1.0" encoding="utf-8" ?><error_response><code>15</code><msg>Remote service error</msg><sub_code>isv.BUSINESS_LIMIT_CONTROL</sub_code><sub_msg>触发业务流控</sub_msg><request_id>z2a2u4ska2jw</request_id></error_response><!--top010178001131.n.et2-->
2016-03-03 17:00:55	<?xml version="1.0" encoding="utf-8" ?><error_response><code>15</code><msg>Remote service error</msg><sub_code>isv.BUSINESS_LIMIT_CONTROL</sub_code><sub_msg>触发业务流控</sub_msg><request_id>zmzj2nam2b1k</request_id></error_response><!--top010178035034.n.et2-->
2016-03-03 17:06:18	<?xml version="1.0" encoding="utf-8" ?><error_response><code>15</code><msg>Remote service error</msg><sub_code>isv.BUSINESS_LIMIT_CONTROL</sub_code><sub_msg>触发业务流控</sub_msg><request_id>z29wln7s91j7</request_id></error_response><!--top010178001129.n.et2-->
2016-03-03 17:06:40	<?xml version="1.0" encoding="utf-8" ?><error_response><code>15</code><msg>Remote service error</msg><sub_code>isv.BUSINESS_LIMIT_CONTROL</sub_code><sub_msg>触发业务流控</sub_msg><request_id>qm31irjch6be</request_id></error_response><!--top010176019154.et2-->
2016-03-03 17:07:06	<?xml version="1.0" encoding="utf-8" ?><error_response><code>15</code><msg>Remote service error</msg><sub_code>isv.BUSINESS_LIMIT_CONTROL</sub_code><sub_msg>触发业务流控</sub_msg><request_id>ishsiaj3a5dc</request_id></error_response><!--top010184074101.et2-->
2016-03-03 17:07:41	<?xml version="1.0" encoding="utf-8" ?><error_response><code>15</code><msg>Remote service error</msg><sub_code>isv.BUSINESS_LIMIT_CONTROL</sub_code><sub_msg>触发业务流控</sub_msg><request_id>101yezkktuuau</request_id></error_response><!--top010178059112.n.et2-->
2016-03-03 17:07:49	<?xml version="1.0" encoding="utf-8" ?><error_response><code>15</code><msg>Remote service error</msg><sub_code>isv.BUSINESS_LIMIT_CONTROL</sub_code><sub_msg>触发业务流控</sub_msg><request_id>11ifdkx3h5tlk</request_id></error_response><!--top010178144162.n.et2-->
2016-03-03 17:08:31	<?xml version="1.0" encoding="utf-8" ?><error_response><code>15</code><msg>Remote service error</msg><sub_code>isv.BUSINESS_LIMIT_CONTROL</sub_code><sub_msg>触发业务流控</sub_msg><request_id>z27wvza82kxm</request_id></error_response><!--top010178001106.n.et2-->
2016-03-03 17:08:36	<?xml version="1.0" encoding="utf-8" ?><error_response><code>15</code><msg>Remote service error</msg><sub_code>isv.BUSINESS_LIMIT_CONTROL</sub_code><sub_msg>触发业务流控</sub_msg><request_id>1475yjhnwr4fj</request_id></error_response><!--top010179045180.s.et2-->
2016-03-03 17:08:59	<?xml version="1.0" encoding="utf-8" ?><error_response><code>15</code><msg>Remote service error</msg><sub_code>isv.BUSINESS_LIMIT_CONTROL</sub_code><sub_msg>触发业务流控</sub_msg><request_id>11ierr71kp22b</request_id></error_response><!--top010178144155.n.et2-->
2016-03-03 17:10:17	<?xml version="1.0" encoding="utf-8" ?><error_response><code>15</code><msg>Remote service error</msg><sub_code>isv.BUSINESS_LIMIT_CONTROL</sub_code><sub_msg>触发业务流控</sub_msg><request_id>z25egu4f5t4s</request_id></error_response><!--top010178001077.n.et2-->
2016-03-03 17:10:23	<?xml version="1.0" encoding="utf-8" ?><error_response><code>15</code><msg>Remote service error</msg><sub_code>isv.BUSINESS_LIMIT_CONTROL</sub_code><sub_msg>触发业务流控</sub_msg><request_id>12ckrsfuv5a5y</request_id></error_response><!--top010178193150.n.et2-->
2016-03-03 17:11:13	<?xml version="1.0" encoding="utf-8" ?><error_response><code>15</code><msg>Remote service error</msg><sub_code>isv.BUSINESS_LIMIT_CONTROL</sub_code><sub_msg>触发业务流控</sub_msg><request_id>z266j1z0zbca</request_id></error_response><!--top010178001086.n.et2-->
2016-03-03 17:12:42	<?xml version="1.0" encoding="utf-8" ?><error_response><code>15</code><msg>Remote service error</msg><sub_code>isv.BUSINESS_LIMIT_CONTROL</sub_code><sub_msg>触发业务流控</sub_msg><request_id>iv214ojnk9ty</request_id></error_response><!--top010184078142.et2-->
2016-03-03 17:15:22	<?xml version="1.0" encoding="utf-8" ?><error_response><code>15</code><msg>Remote service error</msg><sub_code>isv.BUSINESS_LIMIT_CONTROL</sub_code><sub_msg>触发业务流控</sub_msg><request_id>zq9598a21cou</request_id></error_response><!--top010178040112.n.et2-->
2016-03-03 17:16:17	<?xml version="1.0" encoding="utf-8" ?><error_response><code>15</code><msg>Remote service error</msg><sub_code>isv.BUSINESS_LIMIT_CONTROL</sub_code><sub_msg>触发业务流控</sub_msg><request_id>15pzvuj86fyuf</request_id></error_response><!--top010179134187.s.et2-->
2016-03-03 17:17:58	<?xml version="1.0" encoding="utf-8" ?><error_response><code>15</code><msg>Remote service error</msg><sub_code>isv.BUSINESS_LIMIT_CONTROL</sub_code><sub_msg>触发业务流控</sub_msg><request_id>15q9l24n3q3jy</request_id></error_response><!--top010179135043.s.et2-->
2016-03-03 17:18:04	<?xml version="1.0" encoding="utf-8" ?><error_response><code>15</code><msg>Remote service error</msg><sub_code>isv.BUSINESS_LIMIT_CONTROL</sub_code><sub_msg>触发业务流控</sub_msg><request_id>13ozd1fdy1npp</request_id></error_response><!--top010179016046.n.et2-->
2016-03-03 17:18:39	<?xml version="1.0" encoding="utf-8" ?><error_response><code>15</code><msg>Remote service error</msg><sub_code>isv.BUSINESS_LIMIT_CONTROL</sub_code><sub_msg>触发业务流控</sub_msg><request_id>13ozme60ftt9i</request_id></error_response><!--top010179016049.n.et2-->
2016-03-03 17:18:40	<?xml version="1.0" encoding="utf-8" ?><error_response><code>15</code><msg>Remote service error</msg><sub_code>isv.BUSINESS_LIMIT_CONTROL</sub_code><sub_msg>触发业务流控</sub_msg><request_id>14pdc3sbe33s4</request_id></error_response><!--top010179075067.s.et2-->
2016-03-03 17:20:52	<?xml version="1.0" encoding="utf-8" ?><error_response><code>15</code><msg>Remote service error</msg><sub_code>isv.BUSINESS_LIMIT_CONTROL</sub_code><sub_msg>触发业务流控</sub_msg><request_id>11igi44rl5dgg</request_id></error_response><!--top010178144175.n.et2-->
2016-03-03 17:21:26	<?xml version="1.0" encoding="utf-8" ?><error_response><code>15</code><msg>Remote service error</msg><sub_code>isv.BUSINESS_LIMIT_CONTROL</sub_code><sub_msg>触发业务流控</sub_msg><request_id>10as3n9qojvtv</request_id></error_response><!--top010178073196.n.et2-->
2016-03-03 17:21:56	<?xml version="1.0" encoding="utf-8" ?><error_response><code>15</code><msg>Remote service error</msg><sub_code>isv.BUSINESS_LIMIT_CONTROL</sub_code><sub_msg>触发业务流控</sub_msg><request_id>10wju0ohyxgvv</request_id></error_response><!--top010178109029.n.et2-->
2016-03-03 17:22:47	<?xml version="1.0" encoding="utf-8" ?><error_response><code>15</code><msg>Remote service error</msg><sub_code>isv.BUSINESS_LIMIT_CONTROL</sub_code><sub_msg>触发业务流控</sub_msg><request_id>11igrgvfey5sy</request_id></error_response><!--top010178144178.n.et2-->
2016-03-03 17:28:43	<?xml version="1.0" encoding="utf-8" ?><error_response><code>15</code><msg>Remote service error</msg><sub_code>isv.BUSINESS_LIMIT_CONTROL</sub_code><sub_msg>触发业务流控</sub_msg><request_id>r4kgrndeptmb</request_id></error_response><!--top010176049157.et2-->
2016-03-03 17:28:43	<?xml version="1.0" encoding="utf-8" ?><error_response><code>15</code><msg>Remote service error</msg><sub_code>isv.BUSINESS_LIMIT_CONTROL</sub_code><sub_msg>触发业务流控</sub_msg><request_id>iv0zpqkd1y7x</request_id></error_response><!--top010184078130.et2-->
2016-03-03 17:30:40	<?xml version="1.0" encoding="utf-8" ?><error_response><code>15</code><msg>Remote service error</msg><sub_code>isv.BUSINESS_LIMIT_CONTROL</sub_code><sub_msg>触发业务流控</sub_msg><request_id>isgxbui2s75m</request_id></error_response><!--top010184074091.et2-->
2016-03-03 17:31:18	<?xml version="1.0" encoding="utf-8" ?><error_response><code>15</code><msg>Remote service error</msg><sub_code>isv.BUSINESS_LIMIT_CONTROL</sub_code><sub_msg>触发业务流控</sub_msg><request_id>12lrvqbyyx9s9</request_id></error_response><!--top010178208133.n.et2-->
2016-03-03 17:35:46	<?xml version="1.0" encoding="utf-8" ?><error_response><code>15</code><msg>Remote service error</msg><sub_code>isv.BUSINESS_LIMIT_CONTROL</sub_code><sub_msg>触发业务流控</sub_msg><request_id>zq7i0kc56526</request_id></error_response><!--top010178040093.n.et2-->
